159
0
27
90
137
144
0
57
0
0
8
0
37
268
0
0
172
81
0
276
132
10
82
0
23
57
152
134
22
252
187
61
79
172
0
132
36
0
0
65
0
0
128
0
323
49
0
0
126
7
0
0
0
0
49
25
0
0
66
0
94
136
0
198
61
13
0
21
194
4
20
0
259
136
0
0
0
41
0
0
112
96
29
0
11
231
128
0
30
87
265
0
21
0
30
0
0
0
158
0
0
0
50
45
0
26
223
148
13
0
358
49
92
0
54
131
188
238
53
0
0
83
0
146
0
15
96
235
0
13
234
102
145
12
142
22
12
106
133
89
448
0
0
237
95
156
23
15
0
65
0
0
111
265
275
0
157
68
375
0
143
0
126
0
0
152
148
0
110
0
0
157
148
3
0
77
89
3
37
33
29
129
179
67
32
99
33
359
3
119
0
3
0
0
0
0
213
267
0
0
0
203
5
65
0
165
0
0
1
58
141
0
137
96
117
44
44
37
0
208
0
243
52
33
53
50
