1 1 1 1 1 1 1 1 1 1 1 1 1 1 1 1 1 1 1 1 1 1 1 1 2 2 2 2 2 2 3 3 3 3 3 3 3 4 4 4 5 5 5 5 6 6 6 6 6 6 6 6 7 7 8 8 8 8 8 9 9 9 11 12 12 12 12 14 14 15 18 18 24 29 30 30 30 30 33 36 36 45 65 80 80 84 96 117 150 160 165 264 270 308 320 320 348 504 580 854 4556
1 1 1 1 1 1 1 1 1 1 1 1 1 1 1 1 1 1 1 1 1 1 1 1 1 1 1 1 1 1 1 1 1 1 1 1 1 1 1 1 1 1 1 1 1 1 1 1 1 1 1 1 1 1 1 1 1 1 1 1 1 1 1 1 1 1 1 1 1 1 1 1 1 1 1 1 1 1 1 1 1 1 1 1 1 1 1 1 1 1 1 1 1 1 1 1 1 1 1 1
1
1 1 1 1 1 1 1 1 1 1 1 1 1 1 1 1 1 1 1 1 1 1 1 1 1 1 1 1 1 1 1 1 1 1 1 1 1 1 1 1 1 1 1 1 1 1 1 1 1 1 1 1 1 1 1 1 1 1 1 1 1 1 1 1 1 1 1 1 1 1 1 1 1 1 1 1 1 1 1 1 1 1 1 1 1 1 1 1 1 1 1 1 1 1 1 1 1 1 1 1
804
1 1 1 1 1 1 1 1 1 1 1 1 1 1 1 1 1 1 1 1 1 1 1 1 1 1 1 1 1 1 1 1 1 1 1 1 1 1 1 1 1 1 1 1 1 1 1 1 1 1 1 2 2 2 2 2 2 2 2 2 2 2 3 3 3 3 3 3 3 3 3 4 6 6 8 9 10 11 13 22 25 25 27 32 36 55 56 104
1 1 1 1 1 1 1 1 1 1 1 1 1 1 1 1 1 1 2 2 12 16 18 30 42
1 1 1 1 1 1 1 1 1 1 1 1 1 1 1 1 1 1 2 2 2 2 2 2 2 4 4 5 5 6 9 9 10 12 12 12 12 12 15 16 16 16 16 18 18 20 21 21 24 24 25 25 26 30 30 30 35 35 40 40 49 50 56 65 96 114 120 126 154 176 187 310 448 1105 2523
1 1 1 1 1 1 1 1 1 1 1 1 1 1 2 2 2 2 2 2 2 2 3 3 3 4 4 4 4 4 5 5 5 5 5 5 5 6 6 6 6 6 7 8 9 14 20 22 23 25 25 30 33 63 64 72 78 81 99 132 143 378 928
1 1 1 1 1 1 1 1 1 1 1 1 1 1 2 2 3 3 5 5 5 6 7 7 11 12 14 15 18 18 18 19 21 22 28 30 36 36 36 40 42 42 48 56 57 72 90 112 120 120 132 144 144 153 171 187 190 260 266 279 342 480 624 660 671 915 1012 1586
1 1 1 1 1 1 1 1 1 1 1 1 1 1 1 1 1 1 1 1 1 1 3 3 4 4 4 8
1 1 1 1 1 1 1 1 1 1 1 1 1 1 1 1 1 1 1 1 1 1 1 1 1 1 1 1 1 1 1 1 1 1 1 1 1 1 1 1 1 1 1 1 1 1 1 1 1 1 1 1 1 1 1 1 1 1 1 1 2 2 2 2 2 2 2 2 2 2 2 2 2 2 2 3 3 3 3 3 3 4 4 5 5 6 6 8 8 9 9 10 10 12 12 16 18 18 20 24
1 1 1 1 1 1 1 1 1 1 1 1 1 1 1 1 1 1 1 1 1 1 1 1 1 1 1 1 1 1 1 1 1 1 1 1 1 1 2 2 2 2 2 2 3 3 3 3 3 3 3 3 3 4 5 5 5 6 7 7 7 8 8 8 9 10 12 12 14 14 15 16 16 16 18 22 24 30 30 36 55 55 60 72 77 95 105 133 154 165 196 252
1 1 1 1 1 1 1 1 1 1 2 2 3 3 3 3 4 4 4 8 8 9 12 14 14 15 22 24 24 26 28 30 32 34 35 35 40 44 49 75 75 75 81 81 144 145 156 238 261 288 312 330 696
3 5 15 20 20 32 40 60 120 150 160 180 208 320 330 400 402 525 615 680 920 1026
1 1 1 1 1 1 1 1 1 1 1 1 1 1 1 1 1 1 1 1 1 1 1 1 1 1 1 2 2 2 2 2 2 2 2 3 4 5 6 6 7 8 8 8 10 11 12 15 18 20 25 27 33 40 45 54 56 60 75 84 124 130 156 217 231 320 483 507 529 624 680 748 969 1425 1680
1 1 1 1 1 1 1 1 1 1 1 1 1 1 1 1 2 2 2 2 2 3 3 3 3 4 4 4 5 5 6 6 7 8 8 10 10 11 11 14 15 16 16 22 28 30 30 36 44 48 48 50 52 56 78 84 85 95 102 147 152 169 180 189 195 210 240 288
1 1 1 1 1 1 1 1 1 1 1 1 1 1 2 3 3 4 6 8 8 9 9 9 16 18 20 36 42 54 63 63 72 99 144 162
1 1 1 1 1 1 1 1 1 1 1 1 1 1 1 1 1 1 1 1 1 1 1 1 1 1 1 1 2 2 2 2 3 3 3 3 3 3 6 6 9 12 12 20 35 39 100 144 589
1 1 1 1 1 1 1 1 1 2 2 3 4 4 6 6 6 7 8 8 9 10 10 12 12 14 15 28 49 72 72 114 156 792 1080 1188
1 1 1 1 1 1 1 1 1 1 1 1 1 1 1 1 1 1 1 1 1 1 1 2 2 2 2 2 2 3 3 4 4 4 4 4 6 6 6 6 8 8 8 8 9 10 12 12 12 13 15 16 16 16 20 21 24 24 25 27 34 36 40 40 42 50 64 76 78 80 84 84 84 90 96 126 143 144 234 247 264 288 442 693
1 1 1 1 1 2 3 5 6 6 10 11 36 76 340 576 1224
1 1 1 1 1 1 1 1 1 1 1 1 1 1 1 1 1 1 1 1 1 1 1 1 1 1 1 1 1 1 1 1 1 2 2 2 2 2 3 3 3 3 4 6 6 6 6 6 8 8 10 10 11 12 12 15 15 20 24 26 30 32 39 48 57 70 70 72 90 144 154 180 198 235 288 624 752 1196
1 1 1 1 1 1 1 1 1 1 1 1 1 1 1 1 1 2 2 2 3 3 3 3 4 4 5 5 6 6 7 7 7 8 8 8 8 9 9 9 9 11 12 12 12 15 15 15 16 18 18 18 18 18 20 24 24 24 24 32 34 35 36 36 36 40 40 42 42 45 50 54 55 56 56 56 58 63 64 70 77 80 81 96 96 120 161 168 182 204 220 380 413 420 1734
1 1 1 1 1 1 1 1 1 1 1 1 1 1 1 1 1 1 1 1 1 1 1 1 1 1 1 1 1 1 1 2 2 2 2 2 2 2 2 2 2 2 2 2 2 3 4 4 4 6 8
1 1 1 1 1 1 1 1 1 1 1 1 1 1 1 1 2 2 2 4 4 4 5 9 9 13 15 28 30 32 42 50 84 96 105
1 1 1 1 1 1 1 1 1 1 1 1 1 1 2 2 2 2 2 2 3 4 6 6 6 8 9 16 16 20 24 27 42 42 45 48 72 88 156 189 231 234 468 1178
1 1 1 1 1 1 1 1 1 1 1 1 1 1 1 1 1 1 1 1 1 1 1 1 1 1 1 1 1 1 1 2 2 2 2 2 2 2 3 3 4 4 4 5 5 5 6 6 7 8 8 8 8 8 8 8 8 8 9 10 12 13 14 16 18 20 21 21 22 26 27 32 32 32 40 54 72 104 296 322 2538
1 3 6 6 12 21 30 35 42 100 108 126 138 1196
1 1 1 1 1 1 1 1 1 1 1 1 1 1 1 1 1 1 1 1 1 1 1 1 1 1 1 1 1 1 1 1 1 1 1 2 2 2 2 3 3 3 4 4 5 5 6 6 7 7 7 8 8 12 13 14 15 16 22 25 30 48 49 49 50 52 54 66 77 77 80 84 84 90 91 231 320
1 1 1 1 1 1 1 1 1 1 1 1 1 1 1 1 1 1 1 1 1 1 1 1 1 1 1 1 1 1 1 1 1 1 1 2 2 2 2 2 2 2 2 3 3 3 3 3 4 4 4 4 4 4 5 5 5 5 6 6 6 7 8 8 8 9 10 10 10 12 12 13 13 15 17 18 20 24 24 25 28 30 32 33 34 35 39 40 40 42 54 70 77 81 81 84 91 170 255 344 663
3 4 8 10 14 15 16 16 16 30 30 32 35 40 42 44 45 50 50 52 56 63 80 85 90 99 102 119 120 168 204 220 270 364 540 567 570 688 891 1548
1 1 1 1 1 1 1 1 1 1 1 1 1 1 1 1 1 1 1 1 1 1 1 1 1 1 1 1 1 1 1 1 1 1 1 1 1 1 1 1 1 1 1 1 1 1 9
1 1 1 1 1 1 1 1 1 1 1 1 1 1 1 1 1 1 1 1 1 1 2 2 2 2 2 3 3 3 3 3 3 3 3 3 4 4 4 5 5 5 6 6 6 7 7 7 7 8 8 8 11 11 12 12 12 12 12 12 13 14 15 15 16 16 17 20 24 25 27 28 38 40 40 42 42 48 52 60 68 72 75 75 84 144 252 1092
1 4 8 8 9 14 24 27 42 52 60 60 72 91 189 336 363 364 420 480
212 1036 1749
1 1 1 1 1 1 1 1 1 1 1 1 1 2 2 2 3 3 3 4 4 7 7 8 12 12 14 14 14 14 15 16 20 21 23 24 30 32 90 105 170 225 435 1386 1512 2310
1 1 1 1 1 1 1 1 1 1 1 1 2 2 2 2 2 2 3 4 4 6 6 6 6 7 10 11 18 22 24 28 33 33 44 50 74 90 114 136 165 187 210 216 255 306 672 986 1722
3 24 30 33 34 55 73 88 99 132 143 148 210 253 266 296 308 333 360 462 686 1127 1470 1584
1 1 1 1 1 1 2 2 3 4 4 6 8 13 13 14 16 20 40 44 80 86 336 817 1118 1271 1880 1960
1 1 1 1 1 1 1 1 1 1 1 1 1 1 1 1 1 1 1 1 1 1 1 1 1 1 1 1 1 1 1 1 1 1 2 2 2 3 3 3 3 3 3 4 4 4 5 5 5 8 8 8 8 9 9 10 10 10 10 15 16 20 25 32 32 32 40 40 40 50 66 72 80 81 110 130 140 140 210 270 366 1026 1326 3034
1 1 1 1 1 1 1 1 1 1 1 1 1 1 1 1 1 1 1 1 1 1 1 1 1 1 1 1 1 1 1 1 1 1 1 1 1 1 1 2 2 2 2 2 2 2 3 3 3 3 4 4 5 5 5 6 6 6 6 7 7 8 8 8 9 9 10 11 14 14 15 22 27 30 32 33 36 36 48 58 62 72 81 96 124 222 403 930
1 1 1 1 1 1 1 1 1 1 1 1 1 1 1 1 1 1 1 2 2 2 2 2 2 2 2 3 3 4 4 5 5 6 7 8 12 15 18 18 25 26 30 30 30 32 33 40 45 45 55 60 70 84 120 126 182 270 270 396 4290
1 1 1 1 1 1 1 1 1 1 1 2 2 2 4 4 5 6 8 9 12 14 15 15 18 20 30 30 32 40 45 96 140 160 315 441 756
1 1 1 1 1 1 1 1 1 1 1 1 1 1 1 1 1 1 1 1 1 1 1 1 1 1 1 2 2 2 2 2 2 2 2 2 3 3 3 3 4 4 4 6 6 6 8 8 8 8 8 9 9 10 12 12 12 14 14 16 17 18 20 26 26 28 30 64 170 238 288 840
1 1 1 1 1 1 1 1 1 1 1 1 1 1 1 1 1 1 1 1 1 1 1 1 1 1 1 1 1 1 1 1 1 1 1 1 1 1 1 1 1 1 2 2 2 2 2 2 3 3 3 3 3 3 3 4 4 4 4 5 5 5 6 6 6 6 6 7 9 9 10 10 16 24 30 35 44 65 80 80 105 144 700
1 1 1 1 1 1 1 1 1 1 2 2 3 3 3 3 4 6 6 6 6 6 6 7 8 8 9 12 15 15 16 18 19 24 24 27 27 36 36 63 66 72 100 119 120 176 252 297 385 464 544 660
2 4 33 36 44 46 210 1035
1 1 1 1 1 1 1 1 1 1 1 1 1 1 1 1 1 1 1 1 1 1 1 1 1 1 1 1 1 1 1 1 1 1 1 1 1 1 1 1 1 1 1 1 1 1 1 1 1 1 1 1 1 1 1 1 1 1 1 1 1 1 1 2 2 2 2 2 2 2 3 4 4 4 4 5 6 6 9 9 12 12 16 16 20 20 24 68 96 144 300 319
2 12 22 84 120 324
1 1 1 1 1 1 1 1 1 1 1 1 1 1 1 1 1 1 1 1 1 1 1 1 1 1 1 1 1 1 1 1 1 1 1 1 1 1 1 1 1 1 1 1 1 1 1 1 1 1 1 1 1 1 1 1 1 1 1 1 1 1 1 1 1 1 1 1 1 1 1 1 1 2 2 2 3 3 9 12 15 20 21 24 24 30
1 1 1 1 1 1 1 1 1 1 1 1 1 1 1 1 1 1 1 1 1 1 1 1 1 1 1 1 1 1 1 1 1 1 1 1 1 1 2 2 2 2 2 2 2 2 2 2 2 2 2 2 2 2 2 3 3 3 3 4 4 4 4 4 4 4 4 4 4 4 5 5 6 6 6 7 7 8 8 8 9 10 12 15 16 16 18 20 21 24 25 32 33 50 56 65
1 1 1 1 1 2 2 3 4 4 4 4 5 5 6 8 8 10 12 12 36 45 50 85 90 2000
1 1 1 1 1 1 1 1 1 1 1 1 1 1 1 1 1 1 1 1 1 1 1 1 2 2 2 2 3 3 3 4 4 4 4 4 5 6 6 6 8 8 8 8 8 8 9 9 9 10 12 12 12 13 13 14 16 16 17 21 24 32 32 36 38 40 44 48 60 72 96 119 130 136 138 156 238 253 748
1 1 1 1 1 1 1 1 1 1 1 1 1 1 1 1 1 1 2 2 2 2 2 3 3 3 3 3 3 3 4 4 4 4 6 8 8 8 8 8 8 9 9 9 10 14 15 15 16 16 20 21 24 24 26 28 30 30 32 32 40 48 54 54 56 75 78 78 84 90 105 112 112 184 186 280 285 308 528 539 1357
